#
# A fatal error has been detected by the Java Runtime Environment:
#
#  Internal Error (javaClasses.cpp:129), pid=4232, tid=3412
#  fatal error: Invalid layout of preloaded class
#
# JRE version: 7.0_25-b17
# Java VM: Java HotSpot(TM) 64-Bit Server VM (23.25-b01 mixed mode windows-amd64 compressed oops)
# Failed to write core dump. Minidumps are not enabled by default on client versions of Windows
#
# If you would like to submit a bug report, please visit:
#   http://bugreport.sun.com/bugreport/crash.jsp
#

---------------  T H R E A D  ---------------

Current thread (0x000000000253c800):  JavaThread "Unknown thread" [_thread_in_vm, id=3412, stack(0x0000000002910000,0x0000000002a10000)]

Stack: [0x0000000002910000,0x0000000002a10000]

---------------  P R O C E S S  ---------------

Java Threads: ( => current thread )

Other Threads:

=>0x000000000253c800 (exited) JavaThread "Unknown thread" [_thread_in_vm, id=3412, stack(0x0000000002910000,0x0000000002a10000)]

VM state:not at safepoint (not fully initialized)

VM Mutex/Monitor currently owned by a thread: None

GC Heap History (0 events):
No events

Deoptimization events (0 events):
No events

Internal exceptions (0 events):
No events

Events (10 events):
Event: 0.103 loading class 0x00000000025bfef0 done
Event: 0.104 loading class 0x0000000002582330 done
Event: 0.104 loading class 0x0000000002582300
Event: 0.104 loading class 0x00000000025cddf0
Event: 0.104 loading class 0x00000000025cddf0 done
Event: 0.104 loading class 0x00000000025cde30
Event: 0.104 loading class 0x00000000025cde30 done
Event: 0.104 loading class 0x00000000026132d0
Event: 0.105 loading class 0x00000000026132d0 done
Event: 0.105 loading class 0x0000000002582300 done


Dynamic libraries:
0x000000013f260000 - 0x000000013f293000 	C:\Program Files\Eclipse\eclipse\jre\bin\javaw.exe
0x0000000077a70000 - 0x0000000077c19000 	C:\Windows\SYSTEM32\ntdll.dll
0x0000000072130000 - 0x000000007217d000 	C:\Program Files\AVAST Software\Avast\snxhk64.dll
0x0000000077950000 - 0x0000000077a6f000 	C:\Windows\system32\KERNEL32.dll
0x000007fefdb10000 - 0x000007fefdb7b000 	C:\Windows\system32\KERNELBASE.dll
0x000007fefec90000 - 0x000007fefed6b000 	C:\Windows\system32\ADVAPI32.dll
0x000007fefe580000 - 0x000007fefe61f000 	C:\Windows\system32\msvcrt.dll
0x000007fefefd0000 - 0x000007fefefef000 	C:\Windows\SYSTEM32\sechost.dll
0x000007fefe270000 - 0x000007fefe39d000 	C:\Windows\system32\RPCRT4.dll
0x0000000077850000 - 0x000000007794a000 	C:\Windows\system32\USER32.dll
0x000007fefdc50000 - 0x000007fefdcb7000 	C:\Windows\system32\GDI32.dll
0x000007fefe6a0000 - 0x000007fefe6ae000 	C:\Windows\system32\LPK.dll
0x000007fefebc0000 - 0x000007fefec89000 	C:\Windows\system32\USP10.dll
0x000007fefbae0000 - 0x000007fefbcd4000 	C:\Windows\WinSxS\amd64_microsoft.windows.common-controls_6595b64144ccf1df_6.0.7601.17514_none_fa396087175ac9ac\COMCTL32.dll
0x000007fefe900000 - 0x000007fefe971000 	C:\Windows\system32\SHLWAPI.dll
0x000007fefef80000 - 0x000007fefefae000 	C:\Windows\system32\IMM32.DLL
0x000007fefdcc0000 - 0x000007fefddc9000 	C:\Windows\system32\MSCTF.dll
0x0000000180000000 - 0x0000000180072000 	C:\Windows\system32\guard64.dll
0x000007fefd630000 - 0x000007fefd639000 	C:\Windows\system32\fltlib.dll
0x00000000716a0000 - 0x0000000071771000 	C:\Program Files\Eclipse\eclipse\jre\bin\msvcr100.dll
0x0000000070f00000 - 0x000000007160f000 	C:\Program Files\Eclipse\eclipse\jre\bin\server\jvm.dll
0x000007fefb5a0000 - 0x000007fefb5a9000 	C:\Windows\system32\WSOCK32.dll
0x0000000002400000 - 0x000000000244d000 	C:\Windows\system32\WS2_32.dll
0x000007fefe6b0000 - 0x000007fefe6b8000 	C:\Windows\system32\NSI.dll
0x000007fefc3c0000 - 0x000007fefc3fb000 	C:\Windows\system32\WINMM.dll
0x0000000077c40000 - 0x0000000077c47000 	C:\Windows\system32\PSAPI.DLL
0x0000000071ba0000 - 0x0000000071baf000 	C:\Program Files\Eclipse\eclipse\jre\bin\verify.dll
0x0000000071b70000 - 0x0000000071b98000 	C:\Program Files\Eclipse\eclipse\jre\bin\java.dll
0x0000000071890000 - 0x00000000718a5000 	C:\Program Files\Eclipse\eclipse\jre\bin\zip.dll

VM Arguments:
jvm_args: -Dfile.encoding=Cp1252 -Xbootclasspath:C:\JavaStuff\Applications\Desktop\android-sdk\platforms\android-18\android.jar 
java_command: com.gdsoftworks.androidapp.opengl.SpriteBatcher
Launcher Type: SUN_STANDARD

Environment Variables:
PATH=C:/Program Files/Eclipse/eclipse/jre/bin/server;C:/Program Files/Eclipse/eclipse/jre/bin;C:/Program Files/Eclipse/eclipse/jre/lib/amd64;C:\Program Files\Dell\DW WLAN Card;;C:\Windows\system32;C:\Windows;C:\Windows\System32\Wbem;C:\Windows\System32\WindowsPowerShell\v1.0\;C:\Program Files\WIDCOMM\Bluetooth Software\;C:\Program Files\WIDCOMM\Bluetooth Software\syswow64;C:\Program Files (x86)\Intel\OpenCL SDK\2.0\bin\x86;C:\Program Files (x86)\Intel\OpenCL SDK\2.0\bin\x64;C:\JavaStuff\AndroidNDK\android-ndk-r9b;C:\Program Files\Java\jdk1.7.0_45\bin;C:\Program Files\Eclipse\eclipse;
USERNAME=EDH
OS=Windows_NT
PROCESSOR_IDENTIFIER=Intel64 Family 6 Model 42 Stepping 7, GenuineIntel



---------------  S Y S T E M  ---------------

OS: Windows 7 , 64 bit Build 7601 Service Pack 1

CPU:total 4 (2 cores per cpu, 2 threads per core) family 6 model 42 stepping 7, cmov, cx8, fxsr, mmx, sse, sse2, sse3, ssse3, sse4.1, sse4.2, popcnt, avx, ht, tsc, tscinvbit

Memory: 4k page, physical 4100376k(2299608k free), swap 8198888k(6113184k free)

vm_info: Java HotSpot(TM) 64-Bit Server VM (23.25-b01) for windows-amd64 JRE (1.7.0_25-b17), built on Jun 21 2013 12:58:32 by "java_re" with unknown MS VC++:1600

time: Thu Jan 09 17:47:44 2014
elapsed time: 0 seconds

